[    0.000000] Linux version 4.15.0-212-generic (buildd@lcy02-amd64-083) (gcc version 7.5.0 (Ubuntu 7.5.0-3ubuntu1~18.04)) #223-Ubuntu SMP Tue May 23 13:09:22 UTC 2023 (Ubuntu 4.15.0-212.223-generic 4.15.18)
[    0.000000] Command line: BOOT_IMAGE=/boot/vmlinuz-4.15.0-212-generic root=LABEL=cloudimg-rootfs ro console=tty1 console=ttyS0
[    0.000000] KERNEL supported cpus:
[    0.000000]   Intel GenuineIntel
[    0.000000]   AMD AuthenticAMD
[    0.000000]   Centaur CentaurHauls
[    0.000000] x86/fpu: x87 FPU will use FXSAVE
[    0.000000] e820: BIOS-provided physical RAM map:
[    0.000000] BIOS-e820: [mem 0x0000000000000000-0x000000000009fbff] usable
[    0.000000] BIOS-e820: [mem 0x000000000009fc00-0x000000000009ffff] reserved
[    0.000000] BIOS-e820: [mem 0x00000000000f0000-0x00000000000fffff] reserved
[    0.000000] BIOS-e820: [mem 0x0000000000100000-0x000000003ffeffff] usable
[    0.000000] BIOS-e820: [mem 0x000000003fff0000-0x000000003fffffff] ACPI data
[    0.000000] BIOS-e820: [mem 0x00000000fec00000-0x00000000fec00fff] reserved
[    0.000000] BIOS-e820: [mem 0x00000000fee00000-0x00000000fee00fff] reserved
[    0.000000] BIOS-e820: [mem 0x00000000fffc0000-0x00000000ffffffff] reserved
[    0.000000] NX (Execute Disable) protection: active
[    0.000000] SMBIOS 2.5 present.
[    0.000000] DMI: innotek GmbH VirtualBox/VirtualBox, BIOS VirtualBox 12/01/2006
[    0.000000] Hypervisor detected: KVM
[    0.000000] e820: last_pfn = 0x3fff0 max_arch_pfn = 0x400000000
[    0.000000] MTRR: Disabled
[    0.000000] x86/PAT: MTRRs disabled, skipping PAT initialization too.
[    0.000000] CPU MTRRs all blank - virtualized system.
[    0.000000] x86/PAT: Configuration [0-7]: WB  WT  UC- UC  WB  WT  UC- UC  
[    0.000000] found SMP MP-table at [mem 0x0009fff0-0x0009ffff]
[    0.000000] Scanning 1 areas for low memory corruption
[    0.000000] RAMDISK: [mem 0x359cb000-0x36cdcfff]
[    0.000000] ACPI: Early table checksum verification disabled
[    0.000000] ACPI: RSDP 0x00000000000E0000 000024 (v02 VBOX  )
[    0.000000] ACPI: XSDT 0x000000003FFF0030 00003C (v01 VBOX   VBOXXSDT 00000001 ASL  00000061)
[    0.000000] ACPI: FACP 0x000000003FFF00F0 0000F4 (v04 VBOX   VBOXFACP 00000001 ASL  00000061)
[    0.000000] ACPI: DSDT 0x000000003FFF0610 002353 (v02 VBOX   VBOXBIOS 00000002 INTL 20100528)
[    0.000000] ACPI: FACS 0x000000003FFF0200 000040
[    0.000000] ACPI: FACS 0x000000003FFF0200 000040
[    0.000000] ACPI: APIC 0x000000003FFF0240 00005C (v02 VBOX   VBOXAPIC 00000001 ASL  00000061)
[    0.000000] ACPI: SSDT 0x000000003FFF02A0 00036C (v01 VBOX   VBOXCPUT 00000002 INTL 20100528)
[    0.000000] ACPI: Reserving FACP table memory at [mem 0x3fff00f0-0x3fff01e3]
[    0.000000] ACPI: Reserving DSDT table memory at [mem 0x3fff0610-0x3fff2962]
[    0.000000] ACPI: Reserving FACS table memory at [mem 0x3fff0200-0x3fff023f]
[    0.000000] ACPI: Reserving FACS table memory at [mem 0x3fff0200-0x3fff023f]
[    0.000000] ACPI: Reserving APIC table memory at [mem 0x3fff0240-0x3fff029b]
[    0.000000] ACPI: Reserving SSDT table memory at [mem 0x3fff02a0-0x3fff060b]
[    0.000000] No NUMA configuration found
[    0.000000] Faking a node at [mem 0x0000000000000000-0x000000003ffeffff]
[    0.000000] NODE_DATA(0) allocated [mem 0x3ffc5000-0x3ffeffff]
[    0.000000] kvm-clock: cpu 0, msr 0:3ff44001, primary cpu clock
[    0.000000] kvm-clock: Using msrs 4b564d01 and 4b564d00
[    0.000000] kvm-clock: using sched offset of 3912797368 cycles
[    0.000000] clocksource: kvm-clock: mask: 0xffffffffffffffff max_cycles: 0x1cd42e4dffb, max_idle_ns: 881590591483 ns
[    0.000000] Zone ranges:
[    0.000000]   DMA      [mem 0x0000000000001000-0x0000000000ffffff]
[    0.000000]   DMA32    [mem 0x0000000001000000-0x000000003ffeffff]
[    0.000000]   Normal   empty
[    0.000000]   Device   empty
[    0.000000] Movable zone start for each node
[    0.000000] Early memory node ranges
[    0.000000]   node   0: [mem 0x0000000000001000-0x000000000009efff]
[    0.000000]   node   0: [mem 0x0000000000100000-0x000000003ffeffff]
[    0.000000] Reserved but unavailable: 104 pages
[    0.000000] Initmem setup node 0 [mem 0x0000000000001000-0x000000003ffeffff]
[    0.000000] ACPI: PM-Timer IO Port: 0x4008
[    0.000000] IOAPIC[0]: apic_id 2, version 32, address 0xfec00000, GSI 0-23
[    0.000000] ACPI: INT_SRC_OVR (bus 0 bus_irq 0 global_irq 2 dfl dfl)
[    0.000000] ACPI: INT_SRC_OVR (bus 0 bus_irq 9 global_irq 9 low level)
[    0.000000] Using ACPI (MADT) for SMP configuration information
[    0.000000] smpboot: Allowing 2 CPUs, 0 hotplug CPUs
[    0.000000] PM: Registered nosave memory: [mem 0x00000000-0x00000fff]
[    0.000000] PM: Registered nosave memory: [mem 0x0009f000-0x0009ffff]
[    0.000000] PM: Registered nosave memory: [mem 0x000a0000-0x000effff]
[    0.000000] PM: Registered nosave memory: [mem 0x000f0000-0x000fffff]
[    0.000000] e820: [mem 0x40000000-0xfebfffff] available for PCI devices
[    0.000000] Booting paravirtualized kernel on KVM
[    0.000000] clocksource: refined-jiffies: mask: 0xffffffff max_cycles: 0xffffffff, max_idle_ns: 7645519600211568 ns
[    0.000000] setup_percpu: NR_CPUS:8192 nr_cpumask_bits:2 nr_cpu_ids:2 nr_node_ids:1
[    0.000000] percpu: Embedded 50 pages/cpu s167936 r8192 d28672 u1048576
[    0.000000] PV qspinlock hash table entries: 256 (order: 0, 4096 bytes)
[    0.000000] Built 1 zonelists, mobility grouping on.  Total pages: 257913
[    0.000000] Policy zone: DMA32
[    0.000000] Kernel command line: BOOT_IMAGE=/boot/vmlinuz-4.15.0-212-generic root=LABEL=cloudimg-rootfs ro console=tty1 console=ttyS0
[    0.000000] Memory: 982644K/1048120K available (12300K kernel code, 2477K rwdata, 4324K rodata, 2480K init, 2720K bss, 65476K reserved, 0K cma-reserved)
[    0.000000] SLUB: HWalign=64, Order=0-3, MinObjects=0, CPUs=2, Nodes=1
[    0.000000] ftrace: allocating 39508 entries in 155 pages
[    0.004000] Hierarchical RCU implementation.
[    0.004000] 	RCU restricting CPUs from NR_CPUS=8192 to nr_cpu_ids=2.
[    0.004000] 	Tasks RCU enabled.
[    0.004000] RCU: Adjusting geometry for rcu_fanout_leaf=16, nr_cpu_ids=2
[    0.004000] NR_IRQS: 524544, nr_irqs: 440, preallocated irqs: 16
[    0.004000] random: crng init done
[    0.004000] Console: colour VGA+ 80x25
[    0.004000] console [tty1] enabled
[    0.004000] console [ttyS0] enabled
[    0.004000] ACPI: Core revision 20170831
[    0.004000] ACPI: 2 ACPI AML tables successfully acquired and loaded
[    0.004000] APIC: Switch to symmetric I/O mode setup
[    0.004000] ..TIMER: vector=0x30 apic1=0 pin1=2 apic2=-1 pin2=-1
[    0.004000] tsc: Detected 2304.006 MHz processor
[    0.004000] Calibrating delay loop (skipped) preset value.. 4608.01 BogoMIPS (lpj=9216024)
[    0.004004] pid_max: default: 32768 minimum: 301
[    0.008068] Security Framework initialized
[    0.012003] Yama: becoming mindful.
[    0.016089] AppArmor: AppArmor initialized
[    0.025352] Dentry cache hash table entries: 131072 (order: 8, 1048576 bytes)
[    0.033933] Inode-cache hash table entries: 65536 (order: 7, 524288 bytes)
[    0.036076] Mount-cache hash table entries: 2048 (order: 2, 16384 bytes)
[    0.040075] Mountpoint-cache hash table entries: 2048 (order: 2, 16384 bytes)
[    0.046258] Last level iTLB entries: 4KB 64, 2MB 8, 4MB 8
[    0.048002] Last level dTLB entries: 4KB 64, 2MB 0, 4MB 0, 1GB 4
[    0.052004] Spectre V1 : Mitigation: usercopy/swapgs barriers and __user pointer sanitization
[    0.056003] Spectre V2 : Mitigation: Enhanced IBRS
[    0.060002] Spectre V2 : Spectre v2 / SpectreRSB mitigation: Filling RSB on context switch
[    0.064002] Spectre V2 : Spectre v2 / PBRSB-eIBRS: Retire a single CALL on VMEXIT
[    0.068002] RETBleed: Mitigation: Enhanced IBRS
[    0.072002] Speculative Store Bypass: Vulnerable
[    0.076047] MMIO Stale Data: Mitigation: Clear CPU buffers
[    0.080003] SRBDS: Unknown: Dependent on hypervisor status
[    0.084165] Freeing SMP alternatives memory: 36K
[    0.214897] APIC calibration not consistent with PM-Timer: 107ms instead of 100ms
[    0.216000] APIC delta adjusted to PM-Timer: 6468473 (6935492)
[    0.216358] smpboot: CPU0: Intel(R) Core(TM) i5-10500T CPU @ 2.30GHz (family: 0x6, model: 0xa5, stepping: 0x3)
[    0.220470] Performance Events: unsupported p6 CPU model 165 no PMU driver, software events only.
[    0.224107] Hierarchical SRCU implementation.
[    0.228945] NMI watchdog: Perf event create on CPU 0 failed with -2
[    0.232002] NMI watchdog: Perf NMI watchdog permanently disabled
[    0.236351] smp: Bringing up secondary CPUs ...
[    0.241053] x86: Booting SMP configuration:
[    0.244003] .... node  #0, CPUs:      #1
[    0.004000] kvm-clock: cpu 1, msr 0:3ff44041, secondary cpu clock
[    0.256000] TSC synchronization [CPU#0 -> CPU#1]:
[    0.256000] Measured 48235 cycles TSC warp between CPUs, turning off TSC clock.
[    0.256000] tsc: Marking TSC unstable due to check_tsc_sync_source failed
[    0.260257] smp: Brought up 1 node, 2 CPUs
[    0.263556] smpboot: Max logical packages: 1
[    0.264006] smpboot: Total of 2 processors activated (9216.02 BogoMIPS)
[    0.268594] devtmpfs: initialized
[    0.272104] x86/mm: Memory block size: 128MB
[    0.276411] evm: security.selinux
[    0.280002] evm: security.SMACK64
[    0.284002] evm: security.SMACK64EXEC
[    0.288002] evm: security.SMACK64TRANSMUTE
[    0.292002] evm: security.SMACK64MMAP
[    0.295220] evm: security.apparmor
[    0.296002] evm: security.ima
[    0.300002] evm: security.capability
[    0.304409] clocksource: jiffies: mask: 0xffffffff max_cycles: 0xffffffff, max_idle_ns: 7645041785100000 ns
[    0.308008] futex hash table entries: 512 (order: 3, 32768 bytes)
[    0.312211] pinctrl core: initialized pinctrl subsystem
[    0.316524] RTC time: 23:01:54, date: 08/10/24
[    0.321308] NET: Registered protocol family 16
[    0.324120] audit: initializing netlink subsys (disabled)
[    0.328199] audit: type=2000 audit(1723330920.209:1): state=initialized audit_enabled=0 res=1
[    0.336005] cpuidle: using governor ladder
[    0.340008] cpuidle: using governor menu
[    0.344062] ACPI: bus type PCI registered
[    0.348003] acpiphp: ACPI Hot Plug PCI Controller Driver version: 0.5
[    0.352571] PCI: Using configuration type 1 for base access
[    0.360474] HugeTLB registered 2.00 MiB page size, pre-allocated 0 pages
[    0.368485] ACPI: Added _OSI(Module Device)
[    0.372003] ACPI: Added _OSI(Processor Device)
[    0.380003] ACPI: Added _OSI(3.0 _SCP Extensions)
[    0.384008] ACPI: Added _OSI(Processor Aggregator Device)
[    0.388005] ACPI: Added _OSI(Linux-Dell-Video)
[    0.392003] ACPI: Added _OSI(Linux-Lenovo-NV-HDMI-Audio)
[    0.400008] ACPI: Added _OSI(Linux-HPI-Hybrid-Graphics)
[    0.404938] ACPI: Executed 1 blocks of module-level executable AML code
[    0.417901] ACPI: Interpreter enabled
[    0.420013] ACPI: (supports S0 S5)
[    0.424003] ACPI: Using IOAPIC for interrupt routing
[    0.428427] PCI: Using host bridge windows from ACPI; if necessary, use "pci=nocrs" and report a bug
[    0.436260] ACPI: Enabled 2 GPEs in block 00 to 07
[    0.452268] ACPI: PCI Root Bridge [PCI0] (domain 0000 [bus 00-ff])
[    0.456008] acpi PNP0A03:00: _OSC: OS supports [ASPM ClockPM Segments MSI]
[    0.464795] acpi PNP0A03:00: _OSC: not requesting OS control; OS requires [ExtendedConfig ASPM ClockPM MSI]
[    0.472013] acpi PNP0A03:00: fail to add MMCONFIG information, can't access extended PCI configuration space under this bridge.
[    0.484796] PCI host bridge to bus 0000:00
[    0.488004] pci_bus 0000:00: root bus resource [io  0x0000-0x0cf7 window]
[    0.496007] pci_bus 0000:00: root bus resource [io  0x0d00-0xffff window]
[    0.500005] pci_bus 0000:00: root bus resource [mem 0x000a0000-0x000bffff window]
[    0.508004] pci_bus 0000:00: root bus resource [mem 0x40000000-0xfdffffff window]
[    0.516008] pci_bus 0000:00: root bus resource [bus 00-ff]
[    0.526549] pci 0000:00:01.1: legacy IDE quirk: reg 0x10: [io  0x01f0-0x01f7]
[    0.532007] pci 0000:00:01.1: legacy IDE quirk: reg 0x14: [io  0x03f6]
[    0.540005] pci 0000:00:01.1: legacy IDE quirk: reg 0x18: [io  0x0170-0x0177]
[    0.544004] pci 0000:00:01.1: legacy IDE quirk: reg 0x1c: [io  0x0376]
[    0.572682] pci 0000:00:07.0: quirk: [io  0x4000-0x403f] claimed by PIIX4 ACPI
[    0.580037] pci 0000:00:07.0: quirk: [io  0x4100-0x410f] claimed by PIIX4 SMB
[    0.596412] ACPI: PCI Interrupt Link [LNKA] (IRQs 5 9 10 *11)
[    0.600551] ACPI: PCI Interrupt Link [LNKB] (IRQs 5 9 *10 11)
[    0.608211] ACPI: PCI Interrupt Link [LNKC] (IRQs 5 *9 10 11)
[    0.612211] ACPI: PCI Interrupt Link [LNKD] (IRQs 5 9 10 *11)
[    0.616704] SCSI subsystem initialized
[    0.620215] pci 0000:00:02.0: vgaarb: setting as boot VGA device
[    0.624000] pci 0000:00:02.0: vgaarb: VGA device added: decodes=io+mem,owns=io+mem,locks=none
[    0.636006] pci 0000:00:02.0: vgaarb: bridge control possible
[    0.640002] vgaarb: loaded
[    0.642732] ACPI: bus type USB registered
[    0.644038] usbcore: registered new interface driver usbfs
[    0.652010] usbcore: registered new interface driver hub
[    0.656009] usbcore: registered new device driver usb
[    0.660213] EDAC MC: Ver: 3.0.0
[    0.664779] PCI: Using ACPI for IRQ routing
[    0.669053] NetLabel: Initializing
[    0.672002] NetLabel:  domain hash size = 128
[    0.676002] NetLabel:  protocols = UNLABELED CIPSOv4 CALIPSO
[    0.684143] NetLabel:  unlabeled traffic allowed by default
[    0.688280] clocksource: Switched to clocksource kvm-clock
[    0.730126] VFS: Disk quotas dquot_6.6.0
[    0.740215] VFS: Dquot-cache hash table entries: 512 (order 0, 4096 bytes)
[    0.747979] AppArmor: AppArmor Filesystem Enabled
[    0.753359] pnp: PnP ACPI init
[    0.761456] pnp: PnP ACPI: found 3 devices
[    0.774702] clocksource: acpi_pm: mask: 0xffffff max_cycles: 0xffffff, max_idle_ns: 2085701024 ns
[    0.783274] NET: Registered protocol family 2
[    0.788991] IP idents hash table entries: 16384 (order: 5, 131072 bytes)
[    0.796333] TCP established hash table entries: 8192 (order: 4, 65536 bytes)
[    0.803158] TCP bind hash table entries: 8192 (order: 5, 131072 bytes)
[    0.810657] TCP: Hash tables configured (established 8192 bind 8192)
[    0.817384] UDP hash table entries: 512 (order: 2, 16384 bytes)
[    0.823764] UDP-Lite hash table entries: 512 (order: 2, 16384 bytes)
[    0.829545] NET: Registered protocol family 1
[    0.833709] pci 0000:00:00.0: Limiting direct PCI/PCI transfers
[    0.840321] pci 0000:00:01.0: Activating ISA DMA hang workarounds
[    0.845892] pci 0000:00:02.0: Video device with shadowed ROM at [mem 0x000c0000-0x000dffff]
[    0.853890] Unpacking initramfs...
[    0.978532] Freeing initrd memory: 19528K
[    1.354223] clocksource: tsc: mask: 0xffffffffffffffff max_cycles: 0x2135fd711f6, max_idle_ns: 440795262176 ns
[    1.363449] platform rtc_cmos: registered platform RTC device (no PNP device found)
[    1.370928] Scanning for low memory corruption every 60 seconds
[    1.378258] Initialise system trusted keyrings
[    1.382704] Key type blacklist registered
[    1.387268] workingset: timestamp_bits=36 max_order=18 bucket_order=0
[    1.395732] zbud: loaded
[    1.399980] squashfs: version 4.0 (2009/01/31) Phillip Lougher
[    1.406300] fuse init (API version 7.26)
[    1.427214] Key type asymmetric registered
[    1.431593] Asymmetric key parser 'x509' registered
[    1.436386] Block layer SCSI generic (bsg) driver version 0.4 loaded (major 246)
[    1.443554] io scheduler noop registered
[    1.447395] io scheduler deadline registered
[    1.451617] io scheduler cfq registered (default)
[    1.456876] ACPI: AC Adapter [AC] (on-line)
[    1.461077] input: Power Button as /devices/LNXSYSTM:00/LNXPWRBN:00/input/input0
[    1.468316] ACPI: Power Button [PWRF]
[    1.471890] input: Sleep Button as /devices/LNXSYSTM:00/LNXSLPBN:00/input/input1
[    1.478830] ACPI: Sleep Button [SLPF]
[    1.483295] Serial: 8250/16550 driver, 32 ports, IRQ sharing enabled
[    1.518715] 00:02: ttyS0 at I/O 0x3f8 (irq = 4, base_baud = 115200) is a 16550A
[    1.527526] Linux agpgart interface v0.103
[    1.536763] loop: module loaded
[    1.544995] scsi host0: ata_piix
[    1.550590] scsi host1: ata_piix
[    1.554721] ata1: PATA max UDMA/33 cmd 0x1f0 ctl 0x3f6 bmdma 0xd000 irq 14
[    1.560916] ata2: PATA max UDMA/33 cmd 0x170 ctl 0x376 bmdma 0xd008 irq 15
[    1.567233] tun: Universal TUN/TAP device driver, 1.6
[    1.573803] PPP generic driver version 2.4.2
[    1.578203] ehci_hcd: USB 2.0 'Enhanced' Host Controller (EHCI) Driver
[    1.584117] ehci-pci: EHCI PCI platform driver
[    1.589266] ehci-platform: EHCI generic platform driver
[    1.594185] ohci_hcd: USB 1.1 'Open' Host Controller (OHCI) Driver
[    1.599956] ohci-pci: OHCI PCI platform driver
[    1.604348] ohci-platform: OHCI generic platform driver
[    1.609991] uhci_hcd: USB Universal Host Controller Interface driver
[    1.615778] i8042: PNP: PS/2 Controller [PNP0303:PS2K,PNP0f03:PS2M] at 0x60,0x64 irq 1,12
[    1.627195] serio: i8042 KBD port at 0x60,0x64 irq 1
[    1.631861] serio: i8042 AUX port at 0x60,0x64 irq 12
[    1.637151] mousedev: PS/2 mouse device common for all mice
[    1.643701] input: AT Translated Set 2 keyboard as /devices/platform/i8042/serio0/input/input2
[    1.652853] rtc_cmos rtc_cmos: rtc core: registered rtc_cmos as rtc0
[    1.661071] rtc_cmos rtc_cmos: alarms up to one day, 114 bytes nvram
[    1.666907] i2c /dev entries driver
[    1.670870] device-mapper: uevent: version 1.0.3
[    1.675470] device-mapper: ioctl: 4.37.0-ioctl (2017-09-20) initialised: dm-devel@redhat.com
[    1.683623] ledtrig-cpu: registered to indicate activity on CPUs
[    1.691380] NET: Registered protocol family 10
[    1.710742] Segment Routing with IPv6
[    1.714388] NET: Registered protocol family 17
[    1.719384] Key type dns_resolver registered
[    1.724829] mce: Using 0 MCE banks
[    1.728113] RAS: Correctable Errors collector initialized.
[    1.740637] sched_clock: Marking stable (1740561754, 0)->(2439587800, -699026046)
[    1.794998] registered taskstats version 1
[    1.799072] Loading compiled-in X.509 certificates
[    1.810763] Loaded X.509 cert 'Build time autogenerated kernel key: b5b26778eaa3ab3a4a6cee031137706e947d12ad'
[    1.822970] Loaded X.509 cert 'Canonical Ltd. Live Patch Signing: 14df34d1a87cf37625abec039ef2bf521249b969'
[    1.834345] Loaded X.509 cert 'Canonical Ltd. Kernel Module Signing: 88f752e560a1e0737e31163a466ad7b70a850c19'
[    1.845209] blacklist: Loading compiled-in revocation X.509 certificates
[    1.852083] Loaded X.509 cert 'Canonical Ltd. Secure Boot Signing: 61482aa2830d0ab2ad5af10b7250da9033ddcef0'
[    1.861349] Loaded X.509 cert 'Canonical Ltd. Secure Boot Signing (2017): 242ade75ac4a15e50d50c84b0d45ff3eae707a03'
[    1.871631] Loaded X.509 cert 'Canonical Ltd. Secure Boot Signing (ESM 2018): 365188c1d374d6b07c3c8f240f8ef722433d6a8b'
[    1.880928] Loaded X.509 cert 'Canonical Ltd. Secure Boot Signing (2019): c0746fd6c5da3ae827864651ad66ae47fe24b3e8'
[    1.890128] Loaded X.509 cert 'Canonical Ltd. Secure Boot Signing (2021 v1): a8d54bbb3825cfb94fa13c9f8a594a195c107b8d'
[    1.899576] Loaded X.509 cert 'Canonical Ltd. Secure Boot Signing (2021 v2): 4cf046892d6fd3c9a5b03f98d845f90851dc6a8c'
[    1.909196] Loaded X.509 cert 'Canonical Ltd. Secure Boot Signing (2021 v3): 100437bb6de6e469b581e61cd66bce3ef4ed53af'
[    1.918178] Loaded X.509 cert 'Canonical Ltd. Secure Boot Signing (Ubuntu Core 2019): c1d57b8f6b743f23ee41f4f7ee292f06eecadfb9'
[    1.928687] zswap: loaded using pool lzo/zbud
[    1.945164] Key type big_key registered
[    1.948557] Key type trusted registered
[    1.958117] Key type encrypted registered
[    1.961901] AppArmor: AppArmor sha1 policy hashing enabled
[    1.966730] ima: No TPM chip found, activating TPM-bypass! (rc=-19)
[    1.972289] ima: Allocated hash algorithm: sha1
[    1.976622] evm: HMAC attrs: 0x1
[    1.980206]   Magic number: 4:167:49
[    1.984421] rtc_cmos rtc_cmos: setting system clock to 2024-08-10 23:01:56 UTC (1723330916)
[    1.993285] BIOS EDD facility v0.16 2004-Jun-25, 0 devices found
[    1.999877] EDD information not available.
[    2.007999] Freeing unused kernel image memory: 2480K
[    2.024119] Write protecting the kernel read-only data: 20480k
[    2.030607] Freeing unused kernel image memory: 2008K
[    2.035598] Freeing unused kernel image memory: 1820K
[    2.048122] x86/mm: Checked W+X mappings: passed, no W+X pages found.
Loading, please wait...
starting version 237
[    2.159243] Fusion MPT base driver 3.04.20
[    2.163669] Copyright (c) 1999-2008 LSI Corporation
[    2.169911] e1000: Intel(R) PRO/1000 Network Driver - version 7.3.21-k8-NAPI
[    2.175744] e1000: Copyright (c) 1999-2006 Intel Corporation.
[    2.209817] Fusion MPT SPI Host driver 3.04.20
[    2.218525] SSE version of gcm_enc/dec engaged.
[    2.461467] input: ImExPS/2 Generic Explorer Mouse as /devices/platform/i8042/serio1/input/input4
[    2.878002] e1000 0000:00:03.0 eth0: (PCI:33MHz:32-bit) 02:3b:7b:b7:3b:2d
[    2.884722] e1000 0000:00:03.0 eth0: Intel(R) PRO/1000 Network Connection
[    2.895469] mptbase: ioc0: Initiating bringup
[    3.009223] ioc0: LSI53C1030 A0: Capabilities={Initiator}
[    3.285622] scsi host2: ioc0: LSI53C1030 A0, FwRev=00000000h, Ports=1, MaxQ=256, IRQ=20
[    3.464487] scsi 2:0:0:0: Direct-Access     VBOX     HARDDISK         1.0  PQ: 0 ANSI: 5
[    3.515978] scsi target2:0:0: Beginning Domain Validation
[    3.528904] scsi target2:0:0: Domain Validation skipping write tests
[    3.534590] scsi target2:0:0: Ending Domain Validation
[    3.539374] scsi target2:0:0: asynchronous
[    3.545799] scsi 2:0:1:0: Direct-Access     VBOX     HARDDISK         1.0  PQ: 0 ANSI: 5
[    3.904317] scsi target2:0:1: Beginning Domain Validation
[    3.915937] scsi target2:0:1: Domain Validation skipping write tests
[    3.921819] scsi target2:0:1: Ending Domain Validation
[    3.926743] scsi target2:0:1: asynchronous
[    3.947341] sd 2:0:0:0: [sda] 83886080 512-byte logical blocks: (42.9 GB/40.0 GiB)
[    3.955263] sd 2:0:0:0: Attached scsi generic sg0 type 0
[    3.960998] sd 2:0:0:0: [sda] Write Protect is off
[    3.967184] sd 2:0:1:0: [sdb] 20480 512-byte logical blocks: (10.5 MB/10.0 MiB)
[    3.974156] sd 2:0:0:0: [sda] Incomplete mode parameter data
[    3.979302] sd 2:0:0:0: [sda] Assuming drive cache: write through
[    3.985460] sd 2:0:1:0: Attached scsi generic sg1 type 0
[    3.990976] sd 2:0:1:0: [sdb] Write Protect is off
[    3.995646] sd 2:0:1:0: [sdb] Incomplete mode parameter data
[    4.000884] sd 2:0:1:0: [sdb] Assuming drive cache: write through
[    4.011707]  sda: sda1
[    4.017308] sd 2:0:0:0: [sda] Attached SCSI disk
[    4.023527] sd 2:0:1:0: [sdb] Attached SCSI disk
[    4.176766] e1000 0000:00:08.0 eth1: (PCI:33MHz:32-bit) 08:00:27:ac:b2:73
[    4.182759] e1000 0000:00:08.0 eth1: Intel(R) PRO/1000 Network Connection
[    4.190395] e1000 0000:00:03.0 enp0s3: renamed from eth0
